<?xml version="1.0" encoding="UTF-8"?>
<testng-results skipped="0" failed="0" ignored="0" total="3" passed="3">
  <reporter-output>
  </reporter-output>
  <suite name="Default suite" duration-ms="4030" started-at="2019-04-09T06:47:08Z" finished-at="2019-04-09T06:47:12Z">
    <groups>
    </groups>
    <test name="Default test" duration-ms="4030" started-at="2019-04-09T06:47:08Z" finished-at="2019-04-09T06:47:12Z">
      <class name="BasicApiTest">
        <test-method status="PASS" signature="setup()[pri:0, instance:BasicApiTest@5622fdf]" name="setup" is-config="true" duration-ms="701" started-at="2019-04-09T12:17:08Z" finished-at="2019-04-09T12:17:08Z">
          <reporter-output>
          </reporter-output>
        </test-method> <!-- setup -->
        <test-method status="PASS" signature="T01_StatusCodeTest()[pri:0, instance:BasicApiTest@5622fdf]" name="T01_StatusCodeTest" duration-ms="1772" started-at="2019-04-09T12:17:08Z" finished-at="2019-04-09T12:17:10Z">
          <reporter-output>
          </reporter-output>
        </test-method> <!-- T01_StatusCodeTest -->
        <test-method status="PASS" signature="T02_GetClients()[pri:0, instance:BasicApiTest@5622fdf]" name="T02_GetClients" duration-ms="619" started-at="2019-04-09T12:17:10Z" finished-at="2019-04-09T12:17:11Z">
          <reporter-output>
          </reporter-output>
        </test-method> <!-- T02_GetClients -->
        <test-method status="PASS" signature="T03_GetAndroidModelPackageOptions()[pri:0, instance:BasicApiTest@5622fdf]" name="T03_GetAndroidModelPackageOptions" duration-ms="901" started-at="2019-04-09T12:17:11Z" finished-at="2019-04-09T12:17:12Z">
          <reporter-output>
          </reporter-output>
        </test-method> <!-- T03_GetAndroidModelPackageOptions -->
        <test-method status="PASS" signature="afterTest()[pri:0, instance:BasicApiTest@5622fdf]" name="afterTest" is-config="true" duration-ms="1" started-at="2019-04-09T12:17:12Z" finished-at="2019-04-09T12:17:12Z">
          <reporter-output>
          </reporter-output>
        </test-method> <!-- afterTest -->
      </class> <!-- BasicApiTest -->
    </test> <!-- Default test -->
  </suite> <!-- Default suite -->
</testng-results>
